<?xml version="1.0" encoding="UTF-8"?>
<testsuite xmlns:xsi="http://www.w3.org/2001/XMLSchema-instance" xsi:noNamespaceSchemaLocation="https://maven.apache.org/surefire/maven-surefire-plugin/xsd/surefire-test-report.xsd" version="3.0.1" name="TestSuite" time="48.049" tests="9" errors="0" skipped="0" failures="0">
  <properties>
    <property name="java.specification.version" value="21"/>
    <property name="sun.jnu.encoding" value="UTF-8"/>
    <property name="java.class.path" value="/Users/alokpandey/eclipse-workspace/SeleniumAssignment/target/test-classes:/Users/alokpandey/eclipse-workspace/SeleniumAssignment/target/classes:/Users/alokpandey/.m2/repository/org/testng/testng/7.8.0/testng-7.8.0.jar:/Users/alokpandey/.m2/repository/org/slf4j/slf4j-api/1.7.36/slf4j-api-1.7.36.jar:/Users/alokpandey/.m2/repository/com/beust/jcommander/1.82/jcommander-1.82.jar:/Users/alokpandey/.m2/repository/org/webjars/jquery/3.6.1/jquery-3.6.1.jar:/Users/alokpandey/.m2/repository/org/seleniumhq/selenium/selenium-java/4.18.1/selenium-java-4.18.1.jar:/Users/alokpandey/.m2/repository/org/seleniumhq/selenium/selenium-api/4.18.1/selenium-api-4.18.1.jar:/Users/alokpandey/.m2/repository/org/seleniumhq/selenium/selenium-chrome-driver/4.18.1/selenium-chrome-driver-4.18.1.jar:/Users/alokpandey/.m2/repository/org/seleniumhq/selenium/selenium-chromium-driver/4.18.1/selenium-chromium-driver-4.18.1.jar:/Users/alokpandey/.m2/repository/org/seleniumhq/selenium/selenium-manager/4.18.1/selenium-manager-4.18.1.jar:/Users/alokpandey/.m2/repository/org/seleniumhq/selenium/selenium-devtools-v120/4.18.1/selenium-devtools-v120-4.18.1.jar:/Users/alokpandey/.m2/repository/org/seleniumhq/selenium/selenium-devtools-v121/4.18.1/selenium-devtools-v121-4.18.1.jar:/Users/alokpandey/.m2/repository/org/seleniumhq/selenium/selenium-devtools-v122/4.18.1/selenium-devtools-v122-4.18.1.jar:/Users/alokpandey/.m2/repository/org/seleniumhq/selenium/selenium-devtools-v85/4.18.1/selenium-devtools-v85-4.18.1.jar:/Users/alokpandey/.m2/repository/org/seleniumhq/selenium/selenium-edge-driver/4.18.1/selenium-edge-driver-4.18.1.jar:/Users/alokpandey/.m2/repository/org/seleniumhq/selenium/selenium-firefox-driver/4.18.1/selenium-firefox-driver-4.18.1.jar:/Users/alokpandey/.m2/repository/org/seleniumhq/selenium/selenium-http/4.18.1/selenium-http-4.18.1.jar:/Users/alokpandey/.m2/repository/dev/failsafe/failsafe/3.3.2/failsafe-3.3.2.jar:/Users/alokpandey/.m2/repository/org/seleniumhq/selenium/selenium-ie-driver/4.18.1/selenium-ie-driver-4.18.1.jar:/Users/alokpandey/.m2/repository/org/seleniumhq/selenium/selenium-remote-driver/4.18.1/selenium-remote-driver-4.18.1.jar:/Users/alokpandey/.m2/repository/io/opentelemetry/semconv/opentelemetry-semconv/1.23.1-alpha/opentelemetry-semconv-1.23.1-alpha.jar:/Users/alokpandey/.m2/repository/io/opentelemetry/opentelemetry-api/1.35.0/opentelemetry-api-1.35.0.jar:/Users/alokpandey/.m2/repository/io/opentelemetry/opentelemetry-context/1.35.0/opentelemetry-context-1.35.0.jar:/Users/alokpandey/.m2/repository/io/opentelemetry/opentelemetry-exporter-logging/1.35.0/opentelemetry-exporter-logging-1.35.0.jar:/Users/alokpandey/.m2/repository/io/opentelemetry/opentelemetry-sdk-common/1.35.0/opentelemetry-sdk-common-1.35.0.jar:/Users/alokpandey/.m2/repository/io/opentelemetry/opentelemetry-sdk-extension-autoconfigure-spi/1.35.0/opentelemetry-sdk-extension-autoconfigure-spi-1.35.0.jar:/Users/alokpandey/.m2/repository/io/opentelemetry/opentelemetry-sdk-extension-autoconfigure/1.35.0/opentelemetry-sdk-extension-autoconfigure-1.35.0.jar:/Users/alokpandey/.m2/repository/io/opentelemetry/opentelemetry-api-events/1.35.0-alpha/opentelemetry-api-events-1.35.0-alpha.jar:/Users/alokpandey/.m2/repository/io/opentelemetry/opentelemetry-sdk-trace/1.35.0/opentelemetry-sdk-trace-1.35.0.jar:/Users/alokpandey/.m2/repository/io/opentelemetry/opentelemetry-extension-incubator/1.35.0-alpha/opentelemetry-extension-incubator-1.35.0-alpha.jar:/Users/alokpandey/.m2/repository/io/opentelemetry/opentelemetry-sdk/1.35.0/opentelemetry-sdk-1.35.0.jar:/Users/alokpandey/.m2/repository/io/opentelemetry/opentelemetry-sdk-metrics/1.35.0/opentelemetry-sdk-metrics-1.35.0.jar:/Users/alokpandey/.m2/repository/io/opentelemetry/opentelemetry-sdk-logs/1.35.0/opentelemetry-sdk-logs-1.35.0.jar:/Users/alokpandey/.m2/repository/org/seleniumhq/selenium/selenium-os/4.18.1/selenium-os-4.18.1.jar:/Users/alokpandey/.m2/repository/org/apache/commons/commons-exec/1.3/commons-exec-1.3.jar:/Users/alokpandey/.m2/repository/org/seleniumhq/selenium/selenium-safari-driver/4.18.1/selenium-safari-driver-4.18.1.jar:/Users/alokpandey/.m2/repository/org/apache/maven/plugins/maven-surefire-plugin/3.3.0/maven-surefire-plugin-3.3.0.jar:/Users/alokpandey/.m2/repository/org/apache/maven/surefire/surefire-api/3.3.0/surefire-api-3.3.0.jar:/Users/alokpandey/.m2/repository/org/apache/maven/surefire/surefire-logger-api/3.3.0/surefire-logger-api-3.3.0.jar:/Users/alokpandey/.m2/repository/org/apache/maven/surefire/surefire-shared-utils/3.3.0/surefire-shared-utils-3.3.0.jar:/Users/alokpandey/.m2/repository/org/apache/maven/surefire/surefire-extensions-api/3.3.0/surefire-extensions-api-3.3.0.jar:/Users/alokpandey/.m2/repository/org/apache/maven/surefire/maven-surefire-common/3.3.0/maven-surefire-common-3.3.0.jar:/Users/alokpandey/.m2/repository/org/apache/maven/surefire/surefire-booter/3.3.0/surefire-booter-3.3.0.jar:/Users/alokpandey/.m2/repository/org/apache/maven/surefire/surefire-extensions-spi/3.3.0/surefire-extensions-spi-3.3.0.jar:/Users/alokpandey/.m2/repository/org/apache/maven/resolver/maven-resolver-util/1.4.1/maven-resolver-util-1.4.1.jar:/Users/alokpandey/.m2/repository/org/apache/maven/resolver/maven-resolver-api/1.4.1/maven-resolver-api-1.4.1.jar:/Users/alokpandey/.m2/repository/org/apache/maven/shared/maven-common-artifact-filters/3.4.0/maven-common-artifact-filters-3.4.0.jar:/Users/alokpandey/.m2/repository/org/codehaus/plexus/plexus-java/1.2.0/plexus-java-1.2.0.jar:/Users/alokpandey/.m2/repository/org/ow2/asm/asm/9.6/asm-9.6.jar:/Users/alokpandey/.m2/repository/com/thoughtworks/qdox/qdox/2.0.3/qdox-2.0.3.jar:/Users/alokpandey/.m2/repository/org/seleniumhq/selenium/selenium-support/4.19.1/selenium-support-4.19.1.jar:/Users/alokpandey/.m2/repository/com/google/auto/service/auto-service-annotations/1.1.1/auto-service-annotations-1.1.1.jar:/Users/alokpandey/.m2/repository/com/google/guava/guava/33.1.0-jre/guava-33.1.0-jre.jar:/Users/alokpandey/.m2/repository/com/google/guava/failureaccess/1.0.2/failureaccess-1.0.2.jar:/Users/alokpandey/.m2/repository/com/google/guava/listenablefuture/9999.0-empty-to-avoid-conflict-with-guava/listenablefuture-9999.0-empty-to-avoid-conflict-with-guava.jar:/Users/alokpandey/.m2/repository/com/google/code/findbugs/jsr305/3.0.2/jsr305-3.0.2.jar:/Users/alokpandey/.m2/repository/org/checkerframework/checker-qual/3.42.0/checker-qual-3.42.0.jar:/Users/alokpandey/.m2/repository/com/google/errorprone/error_prone_annotations/2.26.1/error_prone_annotations-2.26.1.jar:/Users/alokpandey/.m2/repository/com/google/j2objc/j2objc-annotations/3.0.0/j2objc-annotations-3.0.0.jar:/Users/alokpandey/.m2/repository/net/bytebuddy/byte-buddy/1.14.12/byte-buddy-1.14.12.jar:/Users/alokpandey/.m2/repository/org/seleniumhq/selenium/selenium-json/4.19.1/selenium-json-4.19.1.jar:/Users/alokpandey/.m2/repository/org/apache/logging/log4j/log4j-core/2.23.1/log4j-core-2.23.1.jar:/Users/alokpandey/.m2/repository/org/apache/logging/log4j/log4j-api/2.23.1/log4j-api-2.23.1.jar:/Users/alokpandey/.m2/repository/com/aventstack/extentreports/5.1.1/extentreports-5.1.1.jar:/Users/alokpandey/.m2/repository/io/reactivex/rxjava3/rxjava/3.1.6/rxjava-3.1.6.jar:/Users/alokpandey/.m2/repository/org/reactivestreams/reactive-streams/1.0.4/reactive-streams-1.0.4.jar:/Users/alokpandey/.m2/repository/org/freemarker/freemarker/2.3.32/freemarker-2.3.32.jar:/Users/alokpandey/.m2/repository/org/projectlombok/lombok/1.18.26/lombok-1.18.26.jar:/Users/alokpandey/.m2/repository/com/google/code/gson/gson/2.10.1/gson-2.10.1.jar:/Users/alokpandey/.m2/repository/commons-io/commons-io/2.16.1/commons-io-2.16.1.jar:"/>
    <property name="java.vm.vendor" value="Oracle Corporation"/>
    <property name="sun.arch.data.model" value="64"/>
    <property name="java.vendor.url" value="https://java.oracle.com/"/>
    <property name="user.timezone" value="Asia/Kolkata"/>
    <property name="os.name" value="Mac OS X"/>
    <property name="java.vm.specification.version" value="21"/>
    <property name="sun.java.launcher" value="SUN_STANDARD"/>
    <property name="user.country" value="IN"/>
    <property name="sun.boot.library.path" value="/Library/Java/JavaVirtualMachines/jdk-21.jdk/Contents/Home/lib"/>
    <property name="sun.java.command" value="/Users/alokpandey/eclipse-workspace/SeleniumAssignment/target/surefire/surefirebooter-20240623205122244_3.jar /Users/alokpandey/eclipse-workspace/SeleniumAssignment/target/surefire 2024-06-23T20-51-22_213-jvmRun1 surefire-20240623205122244_1tmp surefire_0-20240623205122244_2tmp"/>
    <property name="http.nonProxyHosts" value="local|*.local|169.254/16|*.169.254/16"/>
    <property name="jdk.debug" value="release"/>
    <property name="surefire.test.class.path" value="/Users/alokpandey/eclipse-workspace/SeleniumAssignment/target/test-classes:/Users/alokpandey/eclipse-workspace/SeleniumAssignment/target/classes:/Users/alokpandey/.m2/repository/org/testng/testng/7.8.0/testng-7.8.0.jar:/Users/alokpandey/.m2/repository/org/slf4j/slf4j-api/1.7.36/slf4j-api-1.7.36.jar:/Users/alokpandey/.m2/repository/com/beust/jcommander/1.82/jcommander-1.82.jar:/Users/alokpandey/.m2/repository/org/webjars/jquery/3.6.1/jquery-3.6.1.jar:/Users/alokpandey/.m2/repository/org/seleniumhq/selenium/selenium-java/4.18.1/selenium-java-4.18.1.jar:/Users/alokpandey/.m2/repository/org/seleniumhq/selenium/selenium-api/4.18.1/selenium-api-4.18.1.jar:/Users/alokpandey/.m2/repository/org/seleniumhq/selenium/selenium-chrome-driver/4.18.1/selenium-chrome-driver-4.18.1.jar:/Users/alokpandey/.m2/repository/org/seleniumhq/selenium/selenium-chromium-driver/4.18.1/selenium-chromium-driver-4.18.1.jar:/Users/alokpandey/.m2/repository/org/seleniumhq/selenium/selenium-manager/4.18.1/selenium-manager-4.18.1.jar:/Users/alokpandey/.m2/repository/org/seleniumhq/selenium/selenium-devtools-v120/4.18.1/selenium-devtools-v120-4.18.1.jar:/Users/alokpandey/.m2/repository/org/seleniumhq/selenium/selenium-devtools-v121/4.18.1/selenium-devtools-v121-4.18.1.jar:/Users/alokpandey/.m2/repository/org/seleniumhq/selenium/selenium-devtools-v122/4.18.1/selenium-devtools-v122-4.18.1.jar:/Users/alokpandey/.m2/repository/org/seleniumhq/selenium/selenium-devtools-v85/4.18.1/selenium-devtools-v85-4.18.1.jar:/Users/alokpandey/.m2/repository/org/seleniumhq/selenium/selenium-edge-driver/4.18.1/selenium-edge-driver-4.18.1.jar:/Users/alokpandey/.m2/repository/org/seleniumhq/selenium/selenium-firefox-driver/4.18.1/selenium-firefox-driver-4.18.1.jar:/Users/alokpandey/.m2/repository/org/seleniumhq/selenium/selenium-http/4.18.1/selenium-http-4.18.1.jar:/Users/alokpandey/.m2/repository/dev/failsafe/failsafe/3.3.2/failsafe-3.3.2.jar:/Users/alokpandey/.m2/repository/org/seleniumhq/selenium/selenium-ie-driver/4.18.1/selenium-ie-driver-4.18.1.jar:/Users/alokpandey/.m2/repository/org/seleniumhq/selenium/selenium-remote-driver/4.18.1/selenium-remote-driver-4.18.1.jar:/Users/alokpandey/.m2/repository/io/opentelemetry/semconv/opentelemetry-semconv/1.23.1-alpha/opentelemetry-semconv-1.23.1-alpha.jar:/Users/alokpandey/.m2/repository/io/opentelemetry/opentelemetry-api/1.35.0/opentelemetry-api-1.35.0.jar:/Users/alokpandey/.m2/repository/io/opentelemetry/opentelemetry-context/1.35.0/opentelemetry-context-1.35.0.jar:/Users/alokpandey/.m2/repository/io/opentelemetry/opentelemetry-exporter-logging/1.35.0/opentelemetry-exporter-logging-1.35.0.jar:/Users/alokpandey/.m2/repository/io/opentelemetry/opentelemetry-sdk-common/1.35.0/opentelemetry-sdk-common-1.35.0.jar:/Users/alokpandey/.m2/repository/io/opentelemetry/opentelemetry-sdk-extension-autoconfigure-spi/1.35.0/opentelemetry-sdk-extension-autoconfigure-spi-1.35.0.jar:/Users/alokpandey/.m2/repository/io/opentelemetry/opentelemetry-sdk-extension-autoconfigure/1.35.0/opentelemetry-sdk-extension-autoconfigure-1.35.0.jar:/Users/alokpandey/.m2/repository/io/opentelemetry/opentelemetry-api-events/1.35.0-alpha/opentelemetry-api-events-1.35.0-alpha.jar:/Users/alokpandey/.m2/repository/io/opentelemetry/opentelemetry-sdk-trace/1.35.0/opentelemetry-sdk-trace-1.35.0.jar:/Users/alokpandey/.m2/repository/io/opentelemetry/opentelemetry-extension-incubator/1.35.0-alpha/opentelemetry-extension-incubator-1.35.0-alpha.jar:/Users/alokpandey/.m2/repository/io/opentelemetry/opentelemetry-sdk/1.35.0/opentelemetry-sdk-1.35.0.jar:/Users/alokpandey/.m2/repository/io/opentelemetry/opentelemetry-sdk-metrics/1.35.0/opentelemetry-sdk-metrics-1.35.0.jar:/Users/alokpandey/.m2/repository/io/opentelemetry/opentelemetry-sdk-logs/1.35.0/opentelemetry-sdk-logs-1.35.0.jar:/Users/alokpandey/.m2/repository/org/seleniumhq/selenium/selenium-os/4.18.1/selenium-os-4.18.1.jar:/Users/alokpandey/.m2/repository/org/apache/commons/commons-exec/1.3/commons-exec-1.3.jar:/Users/alokpandey/.m2/repository/org/seleniumhq/selenium/selenium-safari-driver/4.18.1/selenium-safari-driver-4.18.1.jar:/Users/alokpandey/.m2/repository/org/apache/maven/plugins/maven-surefire-plugin/3.3.0/maven-surefire-plugin-3.3.0.jar:/Users/alokpandey/.m2/repository/org/apache/maven/surefire/surefire-api/3.3.0/surefire-api-3.3.0.jar:/Users/alokpandey/.m2/repository/org/apache/maven/surefire/surefire-logger-api/3.3.0/surefire-logger-api-3.3.0.jar:/Users/alokpandey/.m2/repository/org/apache/maven/surefire/surefire-shared-utils/3.3.0/surefire-shared-utils-3.3.0.jar:/Users/alokpandey/.m2/repository/org/apache/maven/surefire/surefire-extensions-api/3.3.0/surefire-extensions-api-3.3.0.jar:/Users/alokpandey/.m2/repository/org/apache/maven/surefire/maven-surefire-common/3.3.0/maven-surefire-common-3.3.0.jar:/Users/alokpandey/.m2/repository/org/apache/maven/surefire/surefire-booter/3.3.0/surefire-booter-3.3.0.jar:/Users/alokpandey/.m2/repository/org/apache/maven/surefire/surefire-extensions-spi/3.3.0/surefire-extensions-spi-3.3.0.jar:/Users/alokpandey/.m2/repository/org/apache/maven/resolver/maven-resolver-util/1.4.1/maven-resolver-util-1.4.1.jar:/Users/alokpandey/.m2/repository/org/apache/maven/resolver/maven-resolver-api/1.4.1/maven-resolver-api-1.4.1.jar:/Users/alokpandey/.m2/repository/org/apache/maven/shared/maven-common-artifact-filters/3.4.0/maven-common-artifact-filters-3.4.0.jar:/Users/alokpandey/.m2/repository/org/codehaus/plexus/plexus-java/1.2.0/plexus-java-1.2.0.jar:/Users/alokpandey/.m2/repository/org/ow2/asm/asm/9.6/asm-9.6.jar:/Users/alokpandey/.m2/repository/com/thoughtworks/qdox/qdox/2.0.3/qdox-2.0.3.jar:/Users/alokpandey/.m2/repository/org/seleniumhq/selenium/selenium-support/4.19.1/selenium-support-4.19.1.jar:/Users/alokpandey/.m2/repository/com/google/auto/service/auto-service-annotations/1.1.1/auto-service-annotations-1.1.1.jar:/Users/alokpandey/.m2/repository/com/google/guava/guava/33.1.0-jre/guava-33.1.0-jre.jar:/Users/alokpandey/.m2/repository/com/google/guava/failureaccess/1.0.2/failureaccess-1.0.2.jar:/Users/alokpandey/.m2/repository/com/google/guava/listenablefuture/9999.0-empty-to-avoid-conflict-with-guava/listenablefuture-9999.0-empty-to-avoid-conflict-with-guava.jar:/Users/alokpandey/.m2/repository/com/google/code/findbugs/jsr305/3.0.2/jsr305-3.0.2.jar:/Users/alokpandey/.m2/repository/org/checkerframework/checker-qual/3.42.0/checker-qual-3.42.0.jar:/Users/alokpandey/.m2/repository/com/google/errorprone/error_prone_annotations/2.26.1/error_prone_annotations-2.26.1.jar:/Users/alokpandey/.m2/repository/com/google/j2objc/j2objc-annotations/3.0.0/j2objc-annotations-3.0.0.jar:/Users/alokpandey/.m2/repository/net/bytebuddy/byte-buddy/1.14.12/byte-buddy-1.14.12.jar:/Users/alokpandey/.m2/repository/org/seleniumhq/selenium/selenium-json/4.19.1/selenium-json-4.19.1.jar:/Users/alokpandey/.m2/repository/org/apache/logging/log4j/log4j-core/2.23.1/log4j-core-2.23.1.jar:/Users/alokpandey/.m2/repository/org/apache/logging/log4j/log4j-api/2.23.1/log4j-api-2.23.1.jar:/Users/alokpandey/.m2/repository/com/aventstack/extentreports/5.1.1/extentreports-5.1.1.jar:/Users/alokpandey/.m2/repository/io/reactivex/rxjava3/rxjava/3.1.6/rxjava-3.1.6.jar:/Users/alokpandey/.m2/repository/org/reactivestreams/reactive-streams/1.0.4/reactive-streams-1.0.4.jar:/Users/alokpandey/.m2/repository/org/freemarker/freemarker/2.3.32/freemarker-2.3.32.jar:/Users/alokpandey/.m2/repository/org/projectlombok/lombok/1.18.26/lombok-1.18.26.jar:/Users/alokpandey/.m2/repository/com/google/code/gson/gson/2.10.1/gson-2.10.1.jar:/Users/alokpandey/.m2/repository/commons-io/commons-io/2.16.1/commons-io-2.16.1.jar:"/>
    <property name="sun.cpu.endian" value="little"/>
    <property name="user.home" value="/Users/alokpandey"/>
    <property name="user.language" value="en"/>
    <property name="java.specification.vendor" value="Oracle Corporation"/>
    <property name="java.version.date" value="2024-01-16"/>
    <property name="java.home" value="/Library/Java/JavaVirtualMachines/jdk-21.jdk/Contents/Home"/>
    <property name="file.separator" value="/"/>
    <property name="basedir" value="/Users/alokpandey/eclipse-workspace/SeleniumAssignment"/>
    <property name="java.vm.compressedOopsMode" value="Zero based"/>
    <property name="line.separator" value="&#10;"/>
    <property name="java.vm.specification.vendor" value="Oracle Corporation"/>
    <property name="java.specification.name" value="Java Platform API Specification"/>
    <property name="apple.awt.application.name" value="ForkedBooter"/>
    <property name="surefire.real.class.path" value="/Users/alokpandey/eclipse-workspace/SeleniumAssignment/target/surefire/surefirebooter-20240623205122244_3.jar"/>
    <property name="sun.management.compiler" value="HotSpot 64-Bit Tiered Compilers"/>
    <property name="ftp.nonProxyHosts" value="local|*.local|169.254/16|*.169.254/16"/>
    <property name="java.runtime.version" value="21.0.2+13-LTS-58"/>
    <property name="user.name" value="alokpandey"/>
    <property name="stdout.encoding" value="UTF-8"/>
    <property name="path.separator" value=":"/>
    <property name="os.version" value="13.0"/>
    <property name="java.runtime.name" value="Java(TM) SE Runtime Environment"/>
    <property name="file.encoding" value="UTF-8"/>
    <property name="java.vm.name" value="Java HotSpot(TM) 64-Bit Server VM"/>
    <property name="localRepository" value="/Users/alokpandey/.m2/repository"/>
    <property name="java.vendor.url.bug" value="https://bugreport.java.com/bugreport/"/>
    <property name="java.io.tmpdir" value="/var/folders/lp/6pbcgg113sx6zz3ct6vcsw4m0000gn/T/"/>
    <property name="java.version" value="21.0.2"/>
    <property name="user.dir" value="/Users/alokpandey/eclipse-workspace/SeleniumAssignment"/>
    <property name="os.arch" value="aarch64"/>
    <property name="java.vm.specification.name" value="Java Virtual Machine Specification"/>
    <property name="native.encoding" value="UTF-8"/>
    <property name="java.library.path" value="/Users/alokpandey/Library/Java/Extensions:/Library/Java/Extensions:/Network/Library/Java/Extensions:/System/Library/Java/Extensions:/usr/lib/java:."/>
    <property name="java.vm.info" value="mixed mode, sharing"/>
    <property name="stderr.encoding" value="UTF-8"/>
    <property name="java.vendor" value="Oracle Corporation"/>
    <property name="java.vm.version" value="21.0.2+13-LTS-58"/>
    <property name="sun.io.unicode.encoding" value="UnicodeBig"/>
    <property name="socksNonProxyHosts" value="local|*.local|169.254/16|*.169.254/16"/>
    <property name="java.class.version" value="65.0"/>
  </properties>
  <testcase name="verifyUserCanCheckLiveTrainStatus" classname="NAGPSelenium.Tests.LiveTrainStatusTest" time="2.746">
    <system-out><![CDATA[[INFO ] 2024-06-23 20:51:27.678 [main] TestLogger - Thread 1: Reading property file from path /Users/alokpandey/eclipse-workspace/SeleniumAssignment/src/test/java/NAGPSelenium/TestData/LiveTrainStatusTestData.Properties
[INFO ] 2024-06-23 20:51:27.693 [main] TestLogger - Thread 1: Reading property file from path /Users/alokpandey/eclipse-workspace/SeleniumAssignment/src/test/java/NAGPSelenium/TestData/RedBusHomeTestData.Properties
[INFO ] 2024-06-23 20:51:27.696 [main] TestLogger - Thread 1: Reading property file from path /Users/alokpandey/eclipse-workspace/SeleniumAssignment/src/test/java/NAGPSelenium/TestData/CancelTicketTestData.Properties
[INFO ] 2024-06-23 20:51:27.699 [main] TestLogger - Thread 1: Reading property file from path /Users/alokpandey/eclipse-workspace/SeleniumAssignment/src/test/java/NAGPSelenium/TestData/RedRailHomeTestData.Properties
[INFO ] 2024-06-23 20:51:27.709 [main] TestLogger - Thread 1: Creating extent report instance
[INFO ] 2024-06-23 20:51:27.710 [main] TestLogger - Thread 1: File TestResult20240420201747.html has been moved to ArchivedTestResults folder
[INFO ] 2024-06-23 20:51:27.728 [main] TestLogger - Thread 1: Returning current time stamp
[INFO ] 2024-06-23 20:51:27.773 [main] TestLogger - Thread 1: Opening Browser
[INFO ] 2024-06-23 20:51:27.773 [main] TestLogger - Thread 1: Reading config property for key Browser
[INFO ] 2024-06-23 20:51:27.773 [main] TestLogger - Thread 1: Reading property file from path /Users/alokpandey/eclipse-workspace/SeleniumAssignment/src/main/resources/Config.Properties
[INFO ] 2024-06-23 20:51:27.774 [main] TestLogger - Thread 1: Reading value from property file for key Browser
[INFO ] 2024-06-23 20:51:27.774 [main] TestLogger - Thread 1: Creating instance of browser chrome
[INFO ] 2024-06-23 20:51:28.679 [main] TestLogger - Thread 1: Reading config property for key Url
[INFO ] 2024-06-23 20:51:28.681 [main] TestLogger - Thread 1: Reading property file from path /Users/alokpandey/eclipse-workspace/SeleniumAssignment/src/main/resources/Config.Properties
[INFO ] 2024-06-23 20:51:28.681 [main] TestLogger - Thread 1: Reading value from property file for key Url
[INFO ] 2024-06-23 20:51:28.681 [main] TestLogger - Thread 1: Entering Url https://www.redbus.in
[INFO ] 2024-06-23 20:51:28.682 [main] TestLogger - Thread 1: Navigating to Url - https://www.redbus.in
[INFO ] 2024-06-23 20:51:29.886 [main] TestLogger - Thread 1: Looking for locator TrainTicketTab_id in file RedBusHomeObj.Properties
[INFO ] 2024-06-23 20:51:29.887 [main] TestLogger - Thread 1: Reading property file from path /Users/alokpandey/eclipse-workspace/SeleniumAssignment/src/test/java/SeleniumNAGP/ObjectRepository/RedBusHomeObj.Properties
[DEBUG] 2024-06-23 20:51:29.896 [main] TestLogger - Thread 1: Clicking on field TrainTicketTab_id
[INFO ] 2024-06-23 20:51:31.312 [main] TestLogger - Thread 1: Clicked on train ticket tab
[INFO ] 2024-06-23 20:51:31.314 [main] TestLogger - Thread 1: Clicking on Live Train Status radio button
[INFO ] 2024-06-23 20:51:31.314 [main] TestLogger - Thread 1: Looking for locator LiveTrainStatusRadio_xpath in file RedRailHomeObj.Properties
[INFO ] 2024-06-23 20:51:31.314 [main] TestLogger - Thread 1: Reading property file from path /Users/alokpandey/eclipse-workspace/SeleniumAssignment/src/test/java/SeleniumNAGP/ObjectRepository/RedRailHomeObj.Properties
[DEBUG] 2024-06-23 20:51:31.325 [main] TestLogger - Thread 1: Clicking on field LiveTrainStatusRadio_xpath
[INFO ] 2024-06-23 20:51:31.755 [main] TestLogger - Thread 1: Reading value from property file for key TrainNumber
[INFO ] 2024-06-23 20:51:31.755 [main] TestLogger - Thread 1: Looking for locator inputTrainNumber_xpath in file LiveTrainStatusObj.Properties
[INFO ] 2024-06-23 20:51:31.755 [main] TestLogger - Thread 1: Reading property file from path /Users/alokpandey/eclipse-workspace/SeleniumAssignment/src/test/java/SeleniumNAGP/ObjectRepository/LiveTrainStatusObj.Properties
[DEBUG] 2024-06-23 20:51:31.769 [main] TestLogger - Thread 1: Entering data 12001 in field inputTrainNumber_xpath
[INFO ] 2024-06-23 20:51:31.809 [main] TestLogger - Thread 1: Looking for locator selectTrainList_xpath in file LiveTrainStatusObj.Properties
[INFO ] 2024-06-23 20:51:31.810 [main] TestLogger - Thread 1: Reading property file from path /Users/alokpandey/eclipse-workspace/SeleniumAssignment/src/test/java/SeleniumNAGP/ObjectRepository/LiveTrainStatusObj.Properties
[INFO ] 2024-06-23 20:51:32.539 [main] TestLogger - Thread 1: Reading config property for key ExplicitWait
[INFO ] 2024-06-23 20:51:32.539 [main] TestLogger - Thread 1: Reading property file from path /Users/alokpandey/eclipse-workspace/SeleniumAssignment/src/main/resources/Config.Properties
[INFO ] 2024-06-23 20:51:32.539 [main] TestLogger - Thread 1: Reading value from property file for key ExplicitWait
[INFO ] 2024-06-23 20:51:32.552 [main] TestLogger - Thread 1: Looking for locator selectTrainList_xpath in file LiveTrainStatusObj.Properties
[INFO ] 2024-06-23 20:51:32.552 [main] TestLogger - Thread 1: Reading property file from path /Users/alokpandey/eclipse-workspace/SeleniumAssignment/src/test/java/SeleniumNAGP/ObjectRepository/LiveTrainStatusObj.Properties
[DEBUG] 2024-06-23 20:51:32.558 [main] TestLogger - Thread 1: Clicking on field selectTrainList_xpath
[INFO ] 2024-06-23 20:51:32.582 [main] TestLogger - Thread 1: Looking for locator CheckStatusBtn_xpath in file LiveTrainStatusObj.Properties
[INFO ] 2024-06-23 20:51:32.582 [main] TestLogger - Thread 1: Reading property file from path /Users/alokpandey/eclipse-workspace/SeleniumAssignment/src/test/java/SeleniumNAGP/ObjectRepository/LiveTrainStatusObj.Properties
[DEBUG] 2024-06-23 20:51:32.589 [main] TestLogger - Thread 1: Clicking on field CheckStatusBtn_xpath
[INFO ] 2024-06-23 20:51:32.610 [main] TestLogger - Thread 1: Looking for locator SearchResultPageHeader_xpath in file LiveTrainStatusObj.Properties
[INFO ] 2024-06-23 20:51:32.610 [main] TestLogger - Thread 1: Reading property file from path /Users/alokpandey/eclipse-workspace/SeleniumAssignment/src/test/java/SeleniumNAGP/ObjectRepository/LiveTrainStatusObj.Properties
[DEBUG] 2024-06-23 20:51:32.621 [main] TestLogger - Thread 1: Getting text from element SearchResultPageHeader_xpath is 12001 | New Delhi Shatabdi Express
]]></system-out>
    <system-err><![CDATA[SLF4J: Failed to load class "org.slf4j.impl.StaticLoggerBinder".
SLF4J: Defaulting to no-operation (NOP) logger implementation
SLF4J: See http://www.slf4j.org/codes.html#StaticLoggerBinder for further details.
Jun 23, 2024 8:51:28 PM org.openqa.selenium.devtools.CdpVersionFinder findNearestMatch
WARNING: Unable to find an exact match for CDP version 126, returning the closest version; found: 122; Please update to a Selenium version that supports CDP version 126
]]></system-err>
  </testcase>
  <testcase name="VerifyBusTicketHomePageTitle" classname="NAGPSelenium.Tests.RedBusHomeTest" time="0.004">
    <system-out><![CDATA[[INFO ] 2024-06-23 20:51:32.622 [main] TestLogger - Thread 1: Quitting browser
[INFO ] 2024-06-23 20:51:32.725 [main] TestLogger - Thread 1: Opening Browser
[INFO ] 2024-06-23 20:51:32.726 [main] TestLogger - Thread 1: Reading config property for key Browser
[INFO ] 2024-06-23 20:51:32.726 [main] TestLogger - Thread 1: Reading property file from path /Users/alokpandey/eclipse-workspace/SeleniumAssignment/src/main/resources/Config.Properties
[INFO ] 2024-06-23 20:51:32.726 [main] TestLogger - Thread 1: Reading value from property file for key Browser
[INFO ] 2024-06-23 20:51:32.726 [main] TestLogger - Thread 1: Creating instance of browser chrome
[INFO ] 2024-06-23 20:51:33.341 [main] TestLogger - Thread 1: Reading config property for key Url
[INFO ] 2024-06-23 20:51:33.344 [main] TestLogger - Thread 1: Reading property file from path /Users/alokpandey/eclipse-workspace/SeleniumAssignment/src/main/resources/Config.Properties
[INFO ] 2024-06-23 20:51:33.344 [main] TestLogger - Thread 1: Reading value from property file for key Url
[INFO ] 2024-06-23 20:51:33.345 [main] TestLogger - Thread 1: Entering Url https://www.redbus.in
[INFO ] 2024-06-23 20:51:33.348 [main] TestLogger - Thread 1: Navigating to Url - https://www.redbus.in
[INFO ] 2024-06-23 20:51:34.535 [main] TestLogger - Thread 1: Reading value from property file for key PageTitle
]]></system-out>
    <system-err><![CDATA[Jun 23, 2024 8:51:33 PM org.openqa.selenium.devtools.CdpVersionFinder findNearestMatch
WARNING: Unable to find an exact match for CDP version 126, returning the closest version; found: 122; Please update to a Selenium version that supports CDP version 126
]]></system-err>
  </testcase>
  <testcase name="verifyThatBookTrainTicketButtonTakesToTrainBookingScreen" classname="NAGPSelenium.Tests.RedBusHomeTest" time="1.431">
    <system-out><![CDATA[[INFO ] 2024-06-23 20:51:34.536 [main] TestLogger - Thread 1: Quitting browser
[INFO ] 2024-06-23 20:51:34.630 [main] TestLogger - Thread 1: Opening Browser
[INFO ] 2024-06-23 20:51:34.630 [main] TestLogger - Thread 1: Reading config property for key Browser
[INFO ] 2024-06-23 20:51:34.630 [main] TestLogger - Thread 1: Reading property file from path /Users/alokpandey/eclipse-workspace/SeleniumAssignment/src/main/resources/Config.Properties
[INFO ] 2024-06-23 20:51:34.630 [main] TestLogger - Thread 1: Reading value from property file for key Browser
[INFO ] 2024-06-23 20:51:34.630 [main] TestLogger - Thread 1: Creating instance of browser chrome
[INFO ] 2024-06-23 20:51:35.202 [main] TestLogger - Thread 1: Reading config property for key Url
[INFO ] 2024-06-23 20:51:35.205 [main] TestLogger - Thread 1: Reading property file from path /Users/alokpandey/eclipse-workspace/SeleniumAssignment/src/main/resources/Config.Properties
[INFO ] 2024-06-23 20:51:35.208 [main] TestLogger - Thread 1: Reading value from property file for key Url
[INFO ] 2024-06-23 20:51:35.208 [main] TestLogger - Thread 1: Entering Url https://www.redbus.in
[INFO ] 2024-06-23 20:51:35.208 [main] TestLogger - Thread 1: Navigating to Url - https://www.redbus.in
[INFO ] 2024-06-23 20:51:36.395 [main] TestLogger - Thread 1: Clicking on Book Train Ticket Button
[INFO ] 2024-06-23 20:51:36.396 [main] TestLogger - Thread 1: Looking for locator LinkBookTrainticket_xpath in file RedBusHomeObj.Properties
[INFO ] 2024-06-23 20:51:36.396 [main] TestLogger - Thread 1: Reading property file from path /Users/alokpandey/eclipse-workspace/SeleniumAssignment/src/test/java/SeleniumNAGP/ObjectRepository/RedBusHomeObj.Properties
[DEBUG] 2024-06-23 20:51:36.406 [main] TestLogger - Thread 1: Clicking on field LinkBookTrainticket_xpath
[INFO ] 2024-06-23 20:51:37.822 [main] TestLogger - Thread 1: Reading value from property file for key RailRedPageTitle
]]></system-out>
    <system-err><![CDATA[Jun 23, 2024 8:51:35 PM org.openqa.selenium.devtools.CdpVersionFinder findNearestMatch
WARNING: Unable to find an exact match for CDP version 126, returning the closest version; found: 122; Please update to a Selenium version that supports CDP version 126
]]></system-err>
  </testcase>
  <testcase name="verifyThatHelpButtonTakesToRedCareScreen" classname="NAGPSelenium.Tests.RedBusHomeTest" time="1.594">
    <system-out><![CDATA[[INFO ] 2024-06-23 20:51:37.825 [main] TestLogger - Thread 1: Quitting browser
[INFO ] 2024-06-23 20:51:37.926 [main] TestLogger - Thread 1: Opening Browser
[INFO ] 2024-06-23 20:51:37.926 [main] TestLogger - Thread 1: Reading config property for key Browser
[INFO ] 2024-06-23 20:51:37.926 [main] TestLogger - Thread 1: Reading property file from path /Users/alokpandey/eclipse-workspace/SeleniumAssignment/src/main/resources/Config.Properties
[INFO ] 2024-06-23 20:51:37.926 [main] TestLogger - Thread 1: Reading value from property file for key Browser
[INFO ] 2024-06-23 20:51:37.926 [main] TestLogger - Thread 1: Creating instance of browser chrome
[INFO ] 2024-06-23 20:51:38.563 [main] TestLogger - Thread 1: Reading config property for key Url
[INFO ] 2024-06-23 20:51:38.565 [main] TestLogger - Thread 1: Reading property file from path /Users/alokpandey/eclipse-workspace/SeleniumAssignment/src/main/resources/Config.Properties
[INFO ] 2024-06-23 20:51:38.566 [main] TestLogger - Thread 1: Reading value from property file for key Url
[INFO ] 2024-06-23 20:51:38.570 [main] TestLogger - Thread 1: Entering Url https://www.redbus.in
[INFO ] 2024-06-23 20:51:38.570 [main] TestLogger - Thread 1: Navigating to Url - https://www.redbus.in
[INFO ] 2024-06-23 20:51:39.686 [main] TestLogger - Thread 1: Clicking on Book Train Ticket Button
[INFO ] 2024-06-23 20:51:39.689 [main] TestLogger - Thread 1: Looking for locator LinkBookTrainticket_xpath in file RedBusHomeObj.Properties
[INFO ] 2024-06-23 20:51:39.689 [main] TestLogger - Thread 1: Reading property file from path /Users/alokpandey/eclipse-workspace/SeleniumAssignment/src/test/java/SeleniumNAGP/ObjectRepository/RedBusHomeObj.Properties
[DEBUG] 2024-06-23 20:51:39.697 [main] TestLogger - Thread 1: Clicking on field LinkBookTrainticket_xpath
[INFO ] 2024-06-23 20:51:41.277 [main] TestLogger - Thread 1: Reading value from property file for key RailRedPageTitle
]]></system-out>
    <system-err><![CDATA[Jun 23, 2024 8:51:38 PM org.openqa.selenium.devtools.CdpVersionFinder findNearestMatch
WARNING: Unable to find an exact match for CDP version 126, returning the closest version; found: 122; Please update to a Selenium version that supports CDP version 126
]]></system-err>
  </testcase>
  <testcase name="verifyThatUserCannotFetchHisTicketWithInvalidDetails" classname="NAGPSelenium.Tests.CancelTicketTest" time="0.981">
    <system-out><![CDATA[[INFO ] 2024-06-23 20:51:41.280 [main] TestLogger - Thread 1: Quitting browser
[INFO ] 2024-06-23 20:51:41.382 [main] TestLogger - Thread 1: Opening Browser
[INFO ] 2024-06-23 20:51:41.382 [main] TestLogger - Thread 1: Reading config property for key Browser
[INFO ] 2024-06-23 20:51:41.382 [main] TestLogger - Thread 1: Reading property file from path /Users/alokpandey/eclipse-workspace/SeleniumAssignment/src/main/resources/Config.Properties
[INFO ] 2024-06-23 20:51:41.382 [main] TestLogger - Thread 1: Reading value from property file for key Browser
[INFO ] 2024-06-23 20:51:41.382 [main] TestLogger - Thread 1: Creating instance of browser chrome
[INFO ] 2024-06-23 20:51:41.995 [main] TestLogger - Thread 1: Reading config property for key Url
[INFO ] 2024-06-23 20:51:41.996 [main] TestLogger - Thread 1: Reading property file from path /Users/alokpandey/eclipse-workspace/SeleniumAssignment/src/main/resources/Config.Properties
[INFO ] 2024-06-23 20:51:42.000 [main] TestLogger - Thread 1: Reading value from property file for key Url
[INFO ] 2024-06-23 20:51:42.003 [main] TestLogger - Thread 1: Entering Url https://www.redbus.in
[INFO ] 2024-06-23 20:51:42.004 [main] TestLogger - Thread 1: Navigating to Url - https://www.redbus.in
[INFO ] 2024-06-23 20:51:43.155 [main] TestLogger - Thread 1: Clicking on Account Dropdrown
[INFO ] 2024-06-23 20:51:43.158 [main] TestLogger - Thread 1: Looking for locator AccountDropDown_id in file RedBusHomeObj.Properties
[INFO ] 2024-06-23 20:51:43.158 [main] TestLogger - Thread 1: Reading property file from path /Users/alokpandey/eclipse-workspace/SeleniumAssignment/src/test/java/SeleniumNAGP/ObjectRepository/RedBusHomeObj.Properties
[DEBUG] 2024-06-23 20:51:43.166 [main] TestLogger - Thread 1: Clicking on field AccountDropDown_id
[INFO ] 2024-06-23 20:51:43.186 [main] TestLogger - Thread 1: Clicking on Cancel Ticket
[INFO ] 2024-06-23 20:51:43.186 [main] TestLogger - Thread 1: Looking for locator CancelTicket_id in file RedBusHomeObj.Properties
[INFO ] 2024-06-23 20:51:43.186 [main] TestLogger - Thread 1: Reading property file from path /Users/alokpandey/eclipse-workspace/SeleniumAssignment/src/test/java/SeleniumNAGP/ObjectRepository/RedBusHomeObj.Properties
[DEBUG] 2024-06-23 20:51:43.192 [main] TestLogger - Thread 1: Clicking on field CancelTicket_id
[INFO ] 2024-06-23 20:51:43.220 [main] TestLogger - Thread 1: Reading value from property file for key TicketNumber
[INFO ] 2024-06-23 20:51:43.227 [main] TestLogger - Thread 1: Looking for locator InputTicketNumber_xpath in file CancelTicketObj.Properties
[INFO ] 2024-06-23 20:51:43.227 [main] TestLogger - Thread 1: Reading property file from path /Users/alokpandey/eclipse-workspace/SeleniumAssignment/src/test/java/SeleniumNAGP/ObjectRepository/CancelTicketObj.Properties
[DEBUG] 2024-06-23 20:51:43.629 [main] TestLogger - Thread 1: Entering data 34535435 in field InputTicketNumber_xpath
[INFO ] 2024-06-23 20:51:43.697 [main] TestLogger - Thread 1: Reading value from property file for key MobileNumber
[INFO ] 2024-06-23 20:51:43.697 [main] TestLogger - Thread 1: Looking for locator InputMobileNumber_xpath in file CancelTicketObj.Properties
[INFO ] 2024-06-23 20:51:43.697 [main] TestLogger - Thread 1: Reading property file from path /Users/alokpandey/eclipse-workspace/SeleniumAssignment/src/test/java/SeleniumNAGP/ObjectRepository/CancelTicketObj.Properties
[DEBUG] 2024-06-23 20:51:43.703 [main] TestLogger - Thread 1: Entering data 1234567890 in field InputMobileNumber_xpath
[INFO ] 2024-06-23 20:51:43.733 [main] TestLogger - Thread 1: Looking for locator SelectPassenger_xpath in file CancelTicketObj.Properties
[INFO ] 2024-06-23 20:51:43.733 [main] TestLogger - Thread 1: Reading property file from path /Users/alokpandey/eclipse-workspace/SeleniumAssignment/src/test/java/SeleniumNAGP/ObjectRepository/CancelTicketObj.Properties
[DEBUG] 2024-06-23 20:51:43.739 [main] TestLogger - Thread 1: Clicking on field SelectPassenger_xpath
[INFO ] 2024-06-23 20:51:43.758 [main] TestLogger - Thread 1: Reading value from property file for key ExpectedErrorMessage
[INFO ] 2024-06-23 20:51:43.758 [main] TestLogger - Thread 1: Looking for locator MsgError_xpath in file CancelTicketObj.Properties
[INFO ] 2024-06-23 20:51:43.758 [main] TestLogger - Thread 1: Reading property file from path /Users/alokpandey/eclipse-workspace/SeleniumAssignment/src/test/java/SeleniumNAGP/ObjectRepository/CancelTicketObj.Properties
[DEBUG] 2024-06-23 20:51:44.134 [main] TestLogger - Thread 1: Getting text from element MsgError_xpath is Please enter correct ticket number (TIN from your ticket)
]]></system-out>
    <system-err><![CDATA[Jun 23, 2024 8:51:41 PM org.openqa.selenium.devtools.CdpVersionFinder findNearestMatch
WARNING: Unable to find an exact match for CDP version 126, returning the closest version; found: 122; Please update to a Selenium version that supports CDP version 126
]]></system-err>
  </testcase>
  <testcase name="verifyRedRailHomeTitle" classname="NAGPSelenium.Tests.RedRailHomeTest" time="1.497">
    <system-out><![CDATA[[INFO ] 2024-06-23 20:51:44.135 [main] TestLogger - Thread 1: Quitting browser
[INFO ] 2024-06-23 20:51:44.230 [main] TestLogger - Thread 1: Opening Browser
[INFO ] 2024-06-23 20:51:44.230 [main] TestLogger - Thread 1: Reading config property for key Browser
[INFO ] 2024-06-23 20:51:44.230 [main] TestLogger - Thread 1: Reading property file from path /Users/alokpandey/eclipse-workspace/SeleniumAssignment/src/main/resources/Config.Properties
[INFO ] 2024-06-23 20:51:44.230 [main] TestLogger - Thread 1: Reading value from property file for key Browser
[INFO ] 2024-06-23 20:51:44.230 [main] TestLogger - Thread 1: Creating instance of browser chrome
[INFO ] 2024-06-23 20:51:44.834 [main] TestLogger - Thread 1: Reading config property for key Url
[INFO ] 2024-06-23 20:51:44.835 [main] TestLogger - Thread 1: Reading property file from path /Users/alokpandey/eclipse-workspace/SeleniumAssignment/src/main/resources/Config.Properties
[INFO ] 2024-06-23 20:51:44.835 [main] TestLogger - Thread 1: Reading value from property file for key Url
[INFO ] 2024-06-23 20:51:44.835 [main] TestLogger - Thread 1: Entering Url https://www.redbus.in
[INFO ] 2024-06-23 20:51:44.835 [main] TestLogger - Thread 1: Navigating to Url - https://www.redbus.in
[INFO ] 2024-06-23 20:51:46.022 [main] TestLogger - Thread 1: Looking for locator TrainTicketTab_id in file RedBusHomeObj.Properties
[INFO ] 2024-06-23 20:51:46.024 [main] TestLogger - Thread 1: Reading property file from path /Users/alokpandey/eclipse-workspace/SeleniumAssignment/src/test/java/SeleniumNAGP/ObjectRepository/RedBusHomeObj.Properties
[DEBUG] 2024-06-23 20:51:46.031 [main] TestLogger - Thread 1: Clicking on field TrainTicketTab_id
[INFO ] 2024-06-23 20:51:47.508 [main] TestLogger - Thread 1: Clicked on train ticket tab
[INFO ] 2024-06-23 20:51:47.511 [main] TestLogger - Thread 1: Reading value from property file for key PageTitle
]]></system-out>
    <system-err><![CDATA[Jun 23, 2024 8:51:44 PM org.openqa.selenium.devtools.CdpVersionFinder findNearestMatch
WARNING: Unable to find an exact match for CDP version 126, returning the closest version; found: 122; Please update to a Selenium version that supports CDP version 126
]]></system-err>
  </testcase>
  <testcase name="verifyThatUserCanSearchTheTrains[Delhi, Chandigarh](1)" classname="NAGPSelenium.Tests.RedRailHomeTest" time="4.624">
    <system-out><![CDATA[[INFO ] 2024-06-23 20:51:47.518 [main] TestLogger - Thread 1: Quitting browser
[INFO ] 2024-06-23 20:51:47.619 [main] TestLogger - Thread 1: Opening Browser
[INFO ] 2024-06-23 20:51:47.619 [main] TestLogger - Thread 1: Reading config property for key Browser
[INFO ] 2024-06-23 20:51:47.619 [main] TestLogger - Thread 1: Reading property file from path /Users/alokpandey/eclipse-workspace/SeleniumAssignment/src/main/resources/Config.Properties
[INFO ] 2024-06-23 20:51:47.619 [main] TestLogger - Thread 1: Reading value from property file for key Browser
[INFO ] 2024-06-23 20:51:47.619 [main] TestLogger - Thread 1: Creating instance of browser chrome
[INFO ] 2024-06-23 20:51:48.233 [main] TestLogger - Thread 1: Reading config property for key Url
[INFO ] 2024-06-23 20:51:48.235 [main] TestLogger - Thread 1: Reading property file from path /Users/alokpandey/eclipse-workspace/SeleniumAssignment/src/main/resources/Config.Properties
[INFO ] 2024-06-23 20:51:48.235 [main] TestLogger - Thread 1: Reading value from property file for key Url
[INFO ] 2024-06-23 20:51:48.236 [main] TestLogger - Thread 1: Entering Url https://www.redbus.in
[INFO ] 2024-06-23 20:51:48.239 [main] TestLogger - Thread 1: Navigating to Url - https://www.redbus.in
[INFO ] 2024-06-23 20:51:49.456 [main] TestLogger - Thread 1: Looking for locator TrainTicketTab_id in file RedBusHomeObj.Properties
[INFO ] 2024-06-23 20:51:49.459 [main] TestLogger - Thread 1: Reading property file from path /Users/alokpandey/eclipse-workspace/SeleniumAssignment/src/test/java/SeleniumNAGP/ObjectRepository/RedBusHomeObj.Properties
[DEBUG] 2024-06-23 20:51:49.467 [main] TestLogger - Thread 1: Clicking on field TrainTicketTab_id
[INFO ] 2024-06-23 20:51:50.819 [main] TestLogger - Thread 1: Clicked on train ticket tab
[INFO ] 2024-06-23 20:51:50.821 [main] TestLogger - Thread 1: Entering value in From field.
[INFO ] 2024-06-23 20:51:50.821 [main] TestLogger - Thread 1: Looking for locator From_id in file RedRailHomeObj.Properties
[INFO ] 2024-06-23 20:51:50.821 [main] TestLogger - Thread 1: Reading property file from path /Users/alokpandey/eclipse-workspace/SeleniumAssignment/src/test/java/SeleniumNAGP/ObjectRepository/RedRailHomeObj.Properties
[DEBUG] 2024-06-23 20:51:50.869 [main] TestLogger - Thread 1: Clearing field From_id
[INFO ] 2024-06-23 20:51:50.887 [main] TestLogger - Thread 1: Looking for locator From_id in file RedRailHomeObj.Properties
[INFO ] 2024-06-23 20:51:50.887 [main] TestLogger - Thread 1: Reading property file from path /Users/alokpandey/eclipse-workspace/SeleniumAssignment/src/test/java/SeleniumNAGP/ObjectRepository/RedRailHomeObj.Properties
[DEBUG] 2024-06-23 20:51:50.891 [main] TestLogger - Thread 1: Entering data Delhi in field From_id
[INFO ] 2024-06-23 20:51:51.951 [main] TestLogger - Thread 1: Looking for locator StationSelect_xpath in file RedRailHomeObj.Properties
[INFO ] 2024-06-23 20:51:51.952 [main] TestLogger - Thread 1: Reading property file from path /Users/alokpandey/eclipse-workspace/SeleniumAssignment/src/test/java/SeleniumNAGP/ObjectRepository/RedRailHomeObj.Properties
[INFO ] 2024-06-23 20:51:52.009 [main] TestLogger - Thread 1: Entering value in To field.
[INFO ] 2024-06-23 20:51:52.009 [main] TestLogger - Thread 1: Looking for locator To_id in file RedRailHomeObj.Properties
[INFO ] 2024-06-23 20:51:52.009 [main] TestLogger - Thread 1: Reading property file from path /Users/alokpandey/eclipse-workspace/SeleniumAssignment/src/test/java/SeleniumNAGP/ObjectRepository/RedRailHomeObj.Properties
[DEBUG] 2024-06-23 20:51:52.016 [main] TestLogger - Thread 1: Clearing field To_id
[INFO ] 2024-06-23 20:51:52.027 [main] TestLogger - Thread 1: Looking for locator To_id in file RedRailHomeObj.Properties
[INFO ] 2024-06-23 20:51:52.027 [main] TestLogger - Thread 1: Reading property file from path /Users/alokpandey/eclipse-workspace/SeleniumAssignment/src/test/java/SeleniumNAGP/ObjectRepository/RedRailHomeObj.Properties
[DEBUG] 2024-06-23 20:51:52.031 [main] TestLogger - Thread 1: Entering data Chandigarh in field To_id
[INFO ] 2024-06-23 20:51:53.054 [main] TestLogger - Thread 1: Looking for locator StationSelect_xpath in file RedRailHomeObj.Properties
[INFO ] 2024-06-23 20:51:53.054 [main] TestLogger - Thread 1: Reading property file from path /Users/alokpandey/eclipse-workspace/SeleniumAssignment/src/test/java/SeleniumNAGP/ObjectRepository/RedRailHomeObj.Properties
[INFO ] 2024-06-23 20:51:53.104 [main] TestLogger - Thread 1: Clicking on search field.
[INFO ] 2024-06-23 20:51:53.105 [main] TestLogger - Thread 1: Looking for locator SearchBtn_cssselector in file RedRailHomeObj.Properties
[INFO ] 2024-06-23 20:51:53.105 [main] TestLogger - Thread 1: Reading property file from path /Users/alokpandey/eclipse-workspace/SeleniumAssignment/src/test/java/SeleniumNAGP/ObjectRepository/RedRailHomeObj.Properties
[DEBUG] 2024-06-23 20:51:53.114 [main] TestLogger - Thread 1: Clicking on field SearchBtn_cssselector
[INFO ] 2024-06-23 20:51:53.519 [main] TestLogger - Thread 1: Looking for locator ResultCard_cssselector in file TrainSearchResultObj.Properties
[INFO ] 2024-06-23 20:51:53.519 [main] TestLogger - Thread 1: Reading property file from path /Users/alokpandey/eclipse-workspace/SeleniumAssignment/src/test/java/SeleniumNAGP/ObjectRepository/TrainSearchResultObj.Properties
]]></system-out>
    <system-err><![CDATA[Jun 23, 2024 8:51:48 PM org.openqa.selenium.devtools.CdpVersionFinder findNearestMatch
WARNING: Unable to find an exact match for CDP version 126, returning the closest version; found: 122; Please update to a Selenium version that supports CDP version 126
]]></system-err>
  </testcase>
  <testcase name="verifyThatUserCanSearchTheTrains[Chandigarh, Lucknow](2)" classname="NAGPSelenium.Tests.RedRailHomeTest" time="4.887">
    <system-out><![CDATA[[INFO ] 2024-06-23 20:51:54.079 [main] TestLogger - Thread 1: Quitting browser
[INFO ] 2024-06-23 20:51:54.176 [main] TestLogger - Thread 1: Opening Browser
[INFO ] 2024-06-23 20:51:54.176 [main] TestLogger - Thread 1: Reading config property for key Browser
[INFO ] 2024-06-23 20:51:54.176 [main] TestLogger - Thread 1: Reading property file from path /Users/alokpandey/eclipse-workspace/SeleniumAssignment/src/main/resources/Config.Properties
[INFO ] 2024-06-23 20:51:54.176 [main] TestLogger - Thread 1: Reading value from property file for key Browser
[INFO ] 2024-06-23 20:51:54.176 [main] TestLogger - Thread 1: Creating instance of browser chrome
[INFO ] 2024-06-23 20:51:54.796 [main] TestLogger - Thread 1: Reading config property for key Url
[INFO ] 2024-06-23 20:51:54.797 [main] TestLogger - Thread 1: Reading property file from path /Users/alokpandey/eclipse-workspace/SeleniumAssignment/src/main/resources/Config.Properties
[INFO ] 2024-06-23 20:51:54.797 [main] TestLogger - Thread 1: Reading value from property file for key Url
[INFO ] 2024-06-23 20:51:54.801 [main] TestLogger - Thread 1: Entering Url https://www.redbus.in
[INFO ] 2024-06-23 20:51:54.801 [main] TestLogger - Thread 1: Navigating to Url - https://www.redbus.in
[INFO ] 2024-06-23 20:51:55.969 [main] TestLogger - Thread 1: Looking for locator TrainTicketTab_id in file RedBusHomeObj.Properties
[INFO ] 2024-06-23 20:51:55.972 [main] TestLogger - Thread 1: Reading property file from path /Users/alokpandey/eclipse-workspace/SeleniumAssignment/src/test/java/SeleniumNAGP/ObjectRepository/RedBusHomeObj.Properties
[DEBUG] 2024-06-23 20:51:55.980 [main] TestLogger - Thread 1: Clicking on field TrainTicketTab_id
[INFO ] 2024-06-23 20:51:57.549 [main] TestLogger - Thread 1: Clicked on train ticket tab
[INFO ] 2024-06-23 20:51:57.549 [main] TestLogger - Thread 1: Entering value in From field.
[INFO ] 2024-06-23 20:51:57.549 [main] TestLogger - Thread 1: Looking for locator From_id in file RedRailHomeObj.Properties
[INFO ] 2024-06-23 20:51:57.549 [main] TestLogger - Thread 1: Reading property file from path /Users/alokpandey/eclipse-workspace/SeleniumAssignment/src/test/java/SeleniumNAGP/ObjectRepository/RedRailHomeObj.Properties
[DEBUG] 2024-06-23 20:51:57.563 [main] TestLogger - Thread 1: Clearing field From_id
[INFO ] 2024-06-23 20:51:57.596 [main] TestLogger - Thread 1: Looking for locator From_id in file RedRailHomeObj.Properties
[INFO ] 2024-06-23 20:51:57.596 [main] TestLogger - Thread 1: Reading property file from path /Users/alokpandey/eclipse-workspace/SeleniumAssignment/src/test/java/SeleniumNAGP/ObjectRepository/RedRailHomeObj.Properties
[DEBUG] 2024-06-23 20:51:57.601 [main] TestLogger - Thread 1: Entering data Chandigarh in field From_id
[INFO ] 2024-06-23 20:51:58.672 [main] TestLogger - Thread 1: Looking for locator StationSelect_xpath in file RedRailHomeObj.Properties
[INFO ] 2024-06-23 20:51:58.673 [main] TestLogger - Thread 1: Reading property file from path /Users/alokpandey/eclipse-workspace/SeleniumAssignment/src/test/java/SeleniumNAGP/ObjectRepository/RedRailHomeObj.Properties
[INFO ] 2024-06-23 20:51:58.731 [main] TestLogger - Thread 1: Entering value in To field.
[INFO ] 2024-06-23 20:51:58.731 [main] TestLogger - Thread 1: Looking for locator To_id in file RedRailHomeObj.Properties
[INFO ] 2024-06-23 20:51:58.731 [main] TestLogger - Thread 1: Reading property file from path /Users/alokpandey/eclipse-workspace/SeleniumAssignment/src/test/java/SeleniumNAGP/ObjectRepository/RedRailHomeObj.Properties
[DEBUG] 2024-06-23 20:51:58.738 [main] TestLogger - Thread 1: Clearing field To_id
[INFO ] 2024-06-23 20:51:58.749 [main] TestLogger - Thread 1: Looking for locator To_id in file RedRailHomeObj.Properties
[INFO ] 2024-06-23 20:51:58.749 [main] TestLogger - Thread 1: Reading property file from path /Users/alokpandey/eclipse-workspace/SeleniumAssignment/src/test/java/SeleniumNAGP/ObjectRepository/RedRailHomeObj.Properties
[DEBUG] 2024-06-23 20:51:58.753 [main] TestLogger - Thread 1: Entering data Lucknow in field To_id
[INFO ] 2024-06-23 20:51:59.781 [main] TestLogger - Thread 1: Looking for locator StationSelect_xpath in file RedRailHomeObj.Properties
[INFO ] 2024-06-23 20:51:59.781 [main] TestLogger - Thread 1: Reading property file from path /Users/alokpandey/eclipse-workspace/SeleniumAssignment/src/test/java/SeleniumNAGP/ObjectRepository/RedRailHomeObj.Properties
[INFO ] 2024-06-23 20:51:59.828 [main] TestLogger - Thread 1: Clicking on search field.
[INFO ] 2024-06-23 20:51:59.829 [main] TestLogger - Thread 1: Looking for locator SearchBtn_cssselector in file RedRailHomeObj.Properties
[INFO ] 2024-06-23 20:51:59.829 [main] TestLogger - Thread 1: Reading property file from path /Users/alokpandey/eclipse-workspace/SeleniumAssignment/src/test/java/SeleniumNAGP/ObjectRepository/RedRailHomeObj.Properties
[DEBUG] 2024-06-23 20:51:59.835 [main] TestLogger - Thread 1: Clicking on field SearchBtn_cssselector
[INFO ] 2024-06-23 20:52:00.351 [main] TestLogger - Thread 1: Looking for locator ResultCard_cssselector in file TrainSearchResultObj.Properties
[INFO ] 2024-06-23 20:52:00.351 [main] TestLogger - Thread 1: Reading property file from path /Users/alokpandey/eclipse-workspace/SeleniumAssignment/src/test/java/SeleniumNAGP/ObjectRepository/TrainSearchResultObj.Properties
]]></system-out>
    <system-err><![CDATA[Jun 23, 2024 8:51:54 PM org.openqa.selenium.devtools.CdpVersionFinder findNearestMatch
WARNING: Unable to find an exact match for CDP version 126, returning the closest version; found: 122; Please update to a Selenium version that supports CDP version 126
]]></system-err>
  </testcase>
  <testcase name="verifyThatUserIsNotAbleToSearchWithIncorrectPNR" classname="NAGPSelenium.Tests.RedRailHomeTest" time="2.369">
    <system-out><![CDATA[[INFO ] 2024-06-23 20:52:00.856 [main] TestLogger - Thread 1: Quitting browser
[INFO ] 2024-06-23 20:52:00.958 [main] TestLogger - Thread 1: Opening Browser
[INFO ] 2024-06-23 20:52:00.958 [main] TestLogger - Thread 1: Reading config property for key Browser
[INFO ] 2024-06-23 20:52:00.958 [main] TestLogger - Thread 1: Reading property file from path /Users/alokpandey/eclipse-workspace/SeleniumAssignment/src/main/resources/Config.Properties
[INFO ] 2024-06-23 20:52:00.958 [main] TestLogger - Thread 1: Reading value from property file for key Browser
[INFO ] 2024-06-23 20:52:00.958 [main] TestLogger - Thread 1: Creating instance of browser chrome
[INFO ] 2024-06-23 20:52:01.593 [main] TestLogger - Thread 1: Reading config property for key Url
[INFO ] 2024-06-23 20:52:01.596 [main] TestLogger - Thread 1: Reading property file from path /Users/alokpandey/eclipse-workspace/SeleniumAssignment/src/main/resources/Config.Properties
[INFO ] 2024-06-23 20:52:01.596 [main] TestLogger - Thread 1: Reading value from property file for key Url
[INFO ] 2024-06-23 20:52:01.596 [main] TestLogger - Thread 1: Entering Url https://www.redbus.in
[INFO ] 2024-06-23 20:52:01.596 [main] TestLogger - Thread 1: Navigating to Url - https://www.redbus.in
[INFO ] 2024-06-23 20:52:02.759 [main] TestLogger - Thread 1: Looking for locator TrainTicketTab_id in file RedBusHomeObj.Properties
[INFO ] 2024-06-23 20:52:02.762 [main] TestLogger - Thread 1: Reading property file from path /Users/alokpandey/eclipse-workspace/SeleniumAssignment/src/test/java/SeleniumNAGP/ObjectRepository/RedBusHomeObj.Properties
[DEBUG] 2024-06-23 20:52:02.769 [main] TestLogger - Thread 1: Clicking on field TrainTicketTab_id
[INFO ] 2024-06-23 20:52:04.209 [main] TestLogger - Thread 1: Clicked on train ticket tab
[INFO ] 2024-06-23 20:52:04.209 [main] TestLogger - Thread 1: Clicking on PNR radio button
[INFO ] 2024-06-23 20:52:04.209 [main] TestLogger - Thread 1: Looking for locator CheckPNRStatusradio_xpath in file RedRailHomeObj.Properties
[INFO ] 2024-06-23 20:52:04.209 [main] TestLogger - Thread 1: Reading property file from path /Users/alokpandey/eclipse-workspace/SeleniumAssignment/src/test/java/SeleniumNAGP/ObjectRepository/RedRailHomeObj.Properties
[DEBUG] 2024-06-23 20:52:04.223 [main] TestLogger - Thread 1: Clicking on field CheckPNRStatusradio_xpath
[INFO ] 2024-06-23 20:52:04.678 [main] TestLogger - Thread 1: Reading value from property file for key PNR
[INFO ] 2024-06-23 20:52:04.678 [main] TestLogger - Thread 1: Entering PNR number
[INFO ] 2024-06-23 20:52:04.678 [main] TestLogger - Thread 1: Looking for locator InputPNRTextField_xpath in file RedRailHomeObj.Properties
[INFO ] 2024-06-23 20:52:04.679 [main] TestLogger - Thread 1: Reading property file from path /Users/alokpandey/eclipse-workspace/SeleniumAssignment/src/test/java/SeleniumNAGP/ObjectRepository/RedRailHomeObj.Properties
[DEBUG] 2024-06-23 20:52:04.684 [main] TestLogger - Thread 1: Entering data 3284723947 in field InputPNRTextField_xpath
[INFO ] 2024-06-23 20:52:04.724 [main] TestLogger - Thread 1: Clicking on check Status button
[INFO ] 2024-06-23 20:52:04.724 [main] TestLogger - Thread 1: Looking for locator CheckPNRStatusBtn_xpath in file RedRailHomeObj.Properties
[INFO ] 2024-06-23 20:52:04.724 [main] TestLogger - Thread 1: Reading property file from path /Users/alokpandey/eclipse-workspace/SeleniumAssignment/src/test/java/SeleniumNAGP/ObjectRepository/RedRailHomeObj.Properties
[DEBUG] 2024-06-23 20:52:04.730 [main] TestLogger - Thread 1: Clicking on field CheckPNRStatusBtn_xpath
[INFO ] 2024-06-23 20:52:04.750 [main] TestLogger - Thread 1: Looking for locator NoResultMessage_xpath in file PNRSearchResultObj.Properties
[INFO ] 2024-06-23 20:52:04.750 [main] TestLogger - Thread 1: Reading property file from path /Users/alokpandey/eclipse-workspace/SeleniumAssignment/src/test/java/SeleniumNAGP/ObjectRepository/PNRSearchResultObj.Properties
[INFO ] 2024-06-23 20:52:05.111 [main] TestLogger - Thread 1: Looking for locator NoResultMessage_xpath in file PNRSearchResultObj.Properties
[INFO ] 2024-06-23 20:52:05.111 [main] TestLogger - Thread 1: Reading property file from path /Users/alokpandey/eclipse-workspace/SeleniumAssignment/src/test/java/SeleniumNAGP/ObjectRepository/PNRSearchResultObj.Properties
[DEBUG] 2024-06-23 20:52:05.127 [main] TestLogger - Thread 1: Getting text from element NoResultMessage_xpath is The PNR Number you've entered is wrong
[INFO ] 2024-06-23 20:52:05.127 [main] TestLogger - Thread 1: Reading value from property file for key NoResultMessage
]]></system-out>
    <system-err><![CDATA[Jun 23, 2024 8:52:01 PM org.openqa.selenium.devtools.CdpVersionFinder findNearestMatch
WARNING: Unable to find an exact match for CDP version 126, returning the closest version; found: 122; Please update to a Selenium version that supports CDP version 126
]]></system-err>
  </testcase>
</testsuite>