<?xml version="1.0" encoding="UTF-8"?>
<!-- Generated by org.testng.reporters.JUnitReportReporter -->
<testsuite hostname="Aloks-MacBook-Pro.local" failures="0" tests="3" name="NAGPSelenium.Tests.RedBusHomeTest" time="8.652" errors="0" timestamp="2024-06-23T20:52:10 IST" skipped="0">
  <testcase classname="NAGPSelenium.Tests.RedBusHomeTest" name="verifyThatBookTrainTicketButtonTakesToTrainBookingScreen" time="3.331"/>
  <testcase classname="NAGPSelenium.Tests.RedBusHomeTest" name="VerifyBusTicketHomePageTitle" time="1.868"/>
  <testcase classname="NAGPSelenium.Tests.RedBusHomeTest" name="verifyThatHelpButtonTakesToRedCareScreen" time="3.453"/>
</testsuite> <!-- NAGPSelenium.Tests.RedBusHomeTest -->
