<?xml version="1.0" encoding="UTF-8"?>
<!-- Generated by org.testng.reporters.JUnitReportReporter -->
<testsuite hostname="Aloks-MacBook-Pro.local" failures="0" tests="4" name="NAGPSelenium.Tests.RedRailHomeTest" time="20.999" errors="0" timestamp="2024-06-23T20:52:10 IST" skipped="0">
  <testcase classname="NAGPSelenium.Tests.RedRailHomeTest" name="verifyThatUserIsNotAbleToSearchWithIncorrectPNR" time="4.259"/>
  <testcase classname="NAGPSelenium.Tests.RedRailHomeTest" name="verifyRedRailHomeTitle" time="3.438"/>
  <testcase classname="NAGPSelenium.Tests.RedRailHomeTest" name="verifyThatUserCanSearchTheTrains" time="6.777"/>
  <testcase classname="NAGPSelenium.Tests.RedRailHomeTest" name="verifyThatUserCanSearchTheTrains" time="6.525"/>
</testsuite> <!-- NAGPSelenium.Tests.RedRailHomeTest -->
