<?xml version="1.0" encoding="UTF-8"?>
<!-- Generated by org.testng.reporters.JUnitReportReporter -->
<testsuite hostname="Aloks-MacBook-Pro.local" failures="0" tests="1" name="NAGPSelenium.Tests.LiveTrainStatusTest" time="4.951" errors="0" timestamp="2024-06-23T20:52:10 IST" skipped="0">
  <testcase classname="NAGPSelenium.Tests.LiveTrainStatusTest" name="verifyUserCanCheckLiveTrainStatus" time="4.951"/>
</testsuite> <!-- NAGPSelenium.Tests.LiveTrainStatusTest -->
