<?xml version="1.0" encoding="UTF-8"?>
<!-- Generated by org.testng.reporters.JUnitReportReporter -->
<testsuite hostname="Aloks-MacBook-Pro.local" failures="0" tests="1" name="NAGPSelenium.Tests.CancelTicketTest" time="2.846" errors="0" timestamp="2024-06-23T20:52:10 IST" skipped="0">
  <testcase classname="NAGPSelenium.Tests.CancelTicketTest" name="verifyThatUserCannotFetchHisTicketWithInvalidDetails" time="2.846"/>
</testsuite> <!-- NAGPSelenium.Tests.CancelTicketTest -->
